imooc_gp/android/app/build/outputs/logs/manifest-merger-release-report.txt
-- Merging decision tree log ---
manifest
ADDED from src/main/AndroidManifest.xml:1:1-45:12
INJECTED from src/main/AndroidManifest.xml:1:1-45:12
INJECTED from src/main/AndroidManifest.xml:1:1-45:12
INJECTED from src/main/AndroidManifest.xml:1:1-45:12
MERGED from [:react-native-code-push] AndroidManifest.xml:2:1-17:12
MERGED from [:react-native-splash-screen] AndroidManifest.xml:2:1-17:12
MERGED from [com.facebook.react:react-native:0.55.3] AndroidManifest.xml:2:1-15:12
MERGED from [com.android.support:appcompat-v7:23.4.0] AndroidManifest.xml:17:1-27:12
MERGED from [com.umeng.sdk:share-core:6.9.1] AndroidManifest.xml:2:1-16:12
MERGED from [com.umeng.sdk:share-qq:6.9.1.1] AndroidManifest.xml:2:1-32:12
MERGED from [com.umeng.sdk:share-wechat:6.9.1] AndroidManifest.xml:2:1-19:12
MERGED from [com.umeng.sdk:share-sina:6.9.1.1] AndroidManifest.xml:2:1-36:12
MERGED from [com.umeng.sdk:shareboard-widget:6.9.1] AndroidManifest.xml:2:1-12:12
MERGED from [com.facebook.fbui.textlayoutbuilder:textlayoutbuilder:1.0.0] AndroidManifest.xml:10:1-18:12
MERGED from [com.facebook.fresco:fresco:1.3.0] AndroidManifest.xml:2:1-9:12
MERGED from [com.facebook.fresco:imagepipeline-okhttp3:1.3.0] AndroidManifest.xml:2:1-9:12
MERGED from [com.facebook.soloader:soloader:0.1.0] AndroidManifest.xml:1:1-4:12
MERGED from [org.webkit:android-jsc:r174650] AndroidManifest.xml:1:1-3:12
MERGED from [com.facebook.fresco:drawee:1.3.0] AndroidManifest.xml:2:1-9:12
MERGED from [com.facebook.fresco:imagepipeline:1.3.0] AndroidManifest.xml:2:1-9:12
MERGED from [com.facebook.fresco:imagepipeline-base:1.3.0] AndroidManifest.xml:2:1-9:12
MERGED from [com.facebook.fresco:fbcore:1.3.0] AndroidManifest.xml:2:1-9:12
MERGED from [com.android.support:animated-vector-drawable:23.4.0] AndroidManifest.xml:2:1-9:12
MERGED from [com.android.support:support-vector-drawable:23.4.0] AndroidManifest.xml:2:1-9:12
MERGED from [com.android.support:support-v4:23.4.0] AndroidManifest.xml:17:1-24:12
INJECTED from src/main/AndroidManifest.xml:1:1-45:12
INJECTED from src/main/AndroidManifest.xml:1:1-45:12
INJECTED from src/main/AndroidManifest.xml:1:1-45:12
	package
		ADDED from src/main/AndroidManifest.xml:2:5-27
		INJECTED from src/main/AndroidManifest.xml
		INJECTED from src/main/AndroidManifest.xml
	android:versionName
		ADDED from src/main/AndroidManifest.xml:4:5-30
		INJECTED from src/main/AndroidManifest.xml
		INJECTED from src/main/AndroidManifest.xml
	xmlns:android
		ADDED from src/main/AndroidManifest.xml:1:11-69
	android:versionCode
		ADDED from src/main/AndroidManifest.xml:3:5-28
		INJECTED from src/main/AndroidManifest.xml
		INJECTED from src/main/AndroidManifest.xml
uses-permission#android.permission.INTERNET
ADDED from src/main/AndroidManifest.xml:6:5-67
MERGED from [:react-native-code-push] AndroidManifest.xml:11:5-67
MERGED from [:react-native-code-push] AndroidManifest.xml:11:5-67
	android:name
		ADDED from src/main/AndroidManifest.xml:6:22-64
uses-permission#android.permission.SYSTEM_ALERT_WINDOW
ADDED from src/main/AndroidManifest.xml:7:5-78
MERGED from [com.facebook.react:react-native:0.55.3] AndroidManifest.xml:11:5-78
MERGED from [com.facebook.react:react-native:0.55.3] AndroidManifest.xml:11:5-78
	android:name
		ADDED from src/main/AndroidManifest.xml:7:22-75
uses-permission#android.permission.WRITE_EXTERNAL_STORAGE
ADDED from src/main/AndroidManifest.xml:8:5-81
	android:name
		ADDED from src/main/AndroidManifest.xml:8:22-78
uses-permission#android.permission.READ_PHONE_STATE
ADDED from src/main/AndroidManifest.xml:9:5-75
	android:name
		ADDED from src/main/AndroidManifest.xml:9:22-72
uses-permission#android.permission.READ_EXTERNAL_STORAGE
ADDED from src/main/AndroidManifest.xml:10:5-80
	android:name
		ADDED from src/main/AndroidManifest.xml:10:22-77
uses-permission#android.permission.ACCESS_NETWORK_STATE
ADDED from src/main/AndroidManifest.xml:11:5-79
	android:name
		ADDED from src/main/AndroidManifest.xml:11:22-76
uses-permission#android.permission.ACCESS_WIFI_STATE
ADDED from src/main/AndroidManifest.xml:12:5-76
MERGED from [com.umeng.sdk:share-core:6.9.1] AndroidManifest.xml:11:5-76
MERGED from [com.umeng.sdk:share-core:6.9.1] AndroidManifest.xml:11:5-76
	android:name
		ADDED from src/main/AndroidManifest.xml:12:22-73
uses-sdk
ADDED from src/main/AndroidManifest.xml:14:5-16:41
INJECTED from src/main/AndroidManifest.xml:14:5-16:41
INJECTED from src/main/AndroidManifest.xml:14:5-16:41
MERGED from [:react-native-code-push] AndroidManifest.xml:7:5-9:41
MERGED from [:react-native-code-push] AndroidManifest.xml:7:5-9:41
MERGED from [:react-native-splash-screen] AndroidManifest.xml:7:5-9:41
MERGED from [:react-native-splash-screen] AndroidManifest.xml:7:5-9:41
MERGED from [com.facebook.react:react-native:0.55.3] AndroidManifest.xml:7:5-9:41
MERGED from [com.facebook.react:react-native:0.55.3] AndroidManifest.xml:7:5-9:41
MERGED from [com.android.support:appcompat-v7:23.4.0] AndroidManifest.xml:21:5-23:78
MERGED from [com.android.support:appcompat-v7:23.4.0] AndroidManifest.xml:21:5-23:78
MERGED from [com.umeng.sdk:share-core:6.9.1] AndroidManifest.xml:7:5-9:41
MERGED from [com.umeng.sdk:share-core:6.9.1] AndroidManifest.xml:7:5-9:41
MERGED from [com.umeng.sdk:share-qq:6.9.1.1] AndroidManifest.xml:7:5-9:41
MERGED from [com.umeng.sdk:share-qq:6.9.1.1] AndroidManifest.xml:7:5-9:41
MERGED from [com.umeng.sdk:share-wechat:6.9.1] AndroidManifest.xml:7:5-9:41
MERGED from [com.umeng.sdk:share-wechat:6.9.1] AndroidManifest.xml:7:5-9:41
MERGED from [com.umeng.sdk:share-sina:6.9.1.1] AndroidManifest.xml:7:5-9:41
MERGED from [com.umeng.sdk:share-sina:6.9.1.1] AndroidManifest.xml:7:5-9:41
MERGED from [com.umeng.sdk:shareboard-widget:6.9.1] AndroidManifest.xml:5:5-7:41
MERGED from [com.umeng.sdk:shareboard-widget:6.9.1] AndroidManifest.xml:5:5-7:41
MERGED from [com.facebook.fbui.textlayoutbuilder:textlayoutbuilder:1.0.0] AndroidManifest.xml:14:5-16:41
MERGED from [com.facebook.fbui.textlayoutbuilder:textlayoutbuilder:1.0.0] AndroidManifest.xml:14:5-16:41
MERGED from [com.facebook.fresco:fresco:1.3.0] AndroidManifest.xml:5:5-7:41
MERGED from [com.facebook.fresco:fresco:1.3.0] AndroidManifest.xml:5:5-7:41
MERGED from [com.facebook.fresco:imagepipeline-okhttp3:1.3.0] AndroidManifest.xml:5:5-7:41
MERGED from [com.facebook.fresco:imagepipeline-okhttp3:1.3.0] AndroidManifest.xml:5:5-7:41
MERGED from [com.facebook.soloader:soloader:0.1.0] AndroidManifest.xml:2:3-70
MERGED from [com.facebook.soloader:soloader:0.1.0] AndroidManifest.xml:2:3-70
MERGED from [com.facebook.fresco:drawee:1.3.0] AndroidManifest.xml:5:5-7:41
MERGED from [com.facebook.fresco:drawee:1.3.0] AndroidManifest.xml:5:5-7:41
MERGED from [com.facebook.fresco:imagepipeline:1.3.0] AndroidManifest.xml:5:5-7:41
MERGED from [com.facebook.fresco:imagepipeline:1.3.0] AndroidManifest.xml:5:5-7:41
MERGED from [com.facebook.fresco:imagepipeline-base:1.3.0] AndroidManifest.xml:5:5-7:41
MERGED from [com.facebook.fresco:imagepipeline-base:1.3.0] AndroidManifest.xml:5:5-7:41
MERGED from [com.facebook.fresco:fbcore:1.3.0] AndroidManifest.xml:5:5-7:41
MERGED from [com.facebook.fresco:fbcore:1.3.0] AndroidManifest.xml:5:5-7:41
MERGED from [com.android.support:animated-vector-drawable:23.4.0] AndroidManifest.xml:5:5-44
MERGED from [com.android.support:animated-vector-drawable:23.4.0] AndroidManifest.xml:5:5-44
MERGED from [com.android.support:support-vector-drawable:23.4.0] AndroidManifest.xml:5:5-43
MERGED from [com.android.support:support-vector-drawable:23.4.0] AndroidManifest.xml:5:5-43
MERGED from [com.android.support:support-v4:23.4.0] AndroidManifest.xml:20:5-43
MERGED from [com.android.support:support-v4:23.4.0] AndroidManifest.xml:20:5-43
INJECTED from src/main/AndroidManifest.xml:14:5-16:41
INJECTED from src/main/AndroidManifest.xml:14:5-16:41
	tools:overrideLibrary
		ADDED from [com.android.support:appcompat-v7:23.4.0] AndroidManifest.xml:23:9-75
	android:targetSdkVersion
		ADDED from src/main/AndroidManifest.xml:16:9-38
		INJECTED from src/main/AndroidManifest.xml
		INJECTED from src/main/AndroidManifest.xml
	android:minSdkVersion
		ADDED from src/main/AndroidManifest.xml:15:9-35
		INJECTED from src/main/AndroidManifest.xml
		INJECTED from src/main/AndroidManifest.xml
application
ADDED from src/main/AndroidManifest.xml:18:5-43:19
MERGED from [:react-native-code-push] AndroidManifest.xml:13:5-15:19
MERGED from [:react-native-code-push] AndroidManifest.xml:13:5-15:19
MERGED from [:react-native-splash-screen] AndroidManifest.xml:11:5-15:19
MERGED from [:react-native-splash-screen] AndroidManifest.xml:11:5-15:19
MERGED from [com.facebook.react:react-native:0.55.3] AndroidManifest.xml:13:5-20
MERGED from [com.facebook.react:react-native:0.55.3] AndroidManifest.xml:13:5-20
MERGED from [com.android.support:appcompat-v7:23.4.0] AndroidManifest.xml:25:5-20
MERGED from [com.android.support:appcompat-v7:23.4.0] AndroidManifest.xml:25:5-20
MERGED from [com.umeng.sdk:share-core:6.9.1] AndroidManifest.xml:13:5-14:19
MERGED from [com.umeng.sdk:share-core:6.9.1] AndroidManifest.xml:13:5-14:19
MERGED from [com.umeng.sdk:share-qq:6.9.1.1] AndroidManifest.xml:11:5-30:19
MERGED from [com.umeng.sdk:share-qq:6.9.1.1] AndroidManifest.xml:11:5-30:19
MERGED from [com.umeng.sdk:share-wechat:6.9.1] AndroidManifest.xml:11:5-17:19
MERGED from [com.umeng.sdk:share-wechat:6.9.1] AndroidManifest.xml:11:5-17:19
MERGED from [com.umeng.sdk:share-sina:6.9.1.1] AndroidManifest.xml:11:5-34:19
MERGED from [com.umeng.sdk:share-sina:6.9.1.1] AndroidManifest.xml:11:5-34:19
MERGED from [com.umeng.sdk:shareboard-widget:6.9.1] AndroidManifest.xml:9:5-10:19
MERGED from [com.umeng.sdk:shareboard-widget:6.9.1] AndroidManifest.xml:9:5-10:19
MERGED from [com.facebook.soloader:soloader:0.1.0] AndroidManifest.xml:3:3-17
MERGED from [com.facebook.soloader:soloader:0.1.0] AndroidManifest.xml:3:3-17
MERGED from [org.webkit:android-jsc:r174650] AndroidManifest.xml:2:3-17
MERGED from [org.webkit:android-jsc:r174650] AndroidManifest.xml:2:3-17
MERGED from [com.android.support:animated-vector-drawable:23.4.0] AndroidManifest.xml:7:5-20
MERGED from [com.android.support:animated-vector-drawable:23.4.0] AndroidManifest.xml:7:5-20
MERGED from [com.android.support:support-vector-drawable:23.4.0] AndroidManifest.xml:7:5-20
MERGED from [com.android.support:support-vector-drawable:23.4.0] AndroidManifest.xml:7:5-20
MERGED from [com.android.support:support-v4:23.4.0] AndroidManifest.xml:22:5-20
MERGED from [com.android.support:support-v4:23.4.0] AndroidManifest.xml:22:5-20
	android:supportsRtl
		ADDED from [:react-native-splash-screen] AndroidManifest.xml:14:9-35
	android:label
		ADDED from src/main/AndroidManifest.xml:22:9-41
	android:icon
		ADDED from src/main/AndroidManifest.xml:21:9-43
	android:allowBackup
		ADDED from src/main/AndroidManifest.xml:20:9-35
	android:theme
		ADDED from src/main/AndroidManifest.xml:23:9-40
	android:name
		ADDED from src/main/AndroidManifest.xml:19:9-40
activity#com.imooc_gp.MainActivity
ADDED from src/main/AndroidManifest.xml:24:9-33:20
	android:label
		ADDED from src/main/AndroidManifest.xml:27:13-45
	android:windowSoftInputMode
		ADDED from src/main/AndroidManifest.xml:28:13-55
	android:configChanges
		ADDED from src/main/AndroidManifest.xml:26:13-83
	android:name
		ADDED from src/main/AndroidManifest.xml:25:13-41
intent-filter#action:name:android.intent.action.MAIN+category:name:android.intent.category.LAUNCHER
ADDED from src/main/AndroidManifest.xml:29:13-32:29
action#android.intent.action.MAIN
ADDED from src/main/AndroidManifest.xml:30:17-69
	android:name
		ADDED from src/main/AndroidManifest.xml:30:25-66
category#android.intent.category.LAUNCHER
ADDED from src/main/AndroidManifest.xml:31:17-77
	android:name
		ADDED from src/main/AndroidManifest.xml:31:27-74
activity#com.facebook.react.devsupport.DevSettingsActivity
ADDED from src/main/AndroidManifest.xml:34:9-86
MERGED from [:react-native-code-push] AndroidManifest.xml:14:9-86
MERGED from [:react-native-code-push] AndroidManifest.xml:14:9-86
	android:name
		ADDED from src/main/AndroidManifest.xml:34:19-83
meta-data#UMENG_APPKEY
ADDED from src/main/AndroidManifest.xml:36:9-38:56
	android:value
		ADDED from src/main/AndroidManifest.xml:38:13-53
	android:name
		ADDED from src/main/AndroidManifest.xml:37:13-40
meta-data#UMENG_CHANNEL
ADDED from src/main/AndroidManifest.xml:39:9-41:37
	android:value
		ADDED from src/main/AndroidManifest.xml:41:13-34
	android:name
		ADDED from src/main/AndroidManifest.xml:40:13-41
activity#com.tencent.tauth.AuthActivity
ADDED from [com.umeng.sdk:share-qq:6.9.1.1] AndroidManifest.xml:12:9-24:20
	android:launchMode
		ADDED from [com.umeng.sdk:share-qq:6.9.1.1] AndroidManifest.xml:14:13-44
	android:noHistory
		ADDED from [com.umeng.sdk:share-qq:6.9.1.1] AndroidManifest.xml:15:13-37
	android:name
		ADDED from [com.umeng.sdk:share-qq:6.9.1.1] AndroidManifest.xml:13:13-58
intent-filter#action:name:android.intent.action.VIEW+category:name:android.intent.category.BROWSABLE+category:name:android.intent.category.DEFAULT+data:scheme:tencent${qqappid}
ADDED from [com.umeng.sdk:share-qq:6.9.1.1] AndroidManifest.xml:16:13-23:29
intent-filter#action:name:android.intent.action.VIEW+category:name:android.intent.category.BROWSABLE+category:name:android.intent.category.DEFAULT+data:scheme:tencent你的qq appid
ADDED from [com.umeng.sdk:share-qq:6.9.1.1] AndroidManifest.xml:16:13-23:29
action#android.intent.action.VIEW
ADDED from [com.umeng.sdk:share-qq:6.9.1.1] AndroidManifest.xml:17:17-69
	android:name
		ADDED from [com.umeng.sdk:share-qq:6.9.1.1] AndroidManifest.xml:17:25-66
category#android.intent.category.DEFAULT
ADDED from [com.umeng.sdk:share-qq:6.9.1.1] AndroidManifest.xml:19:17-76
	android:name
		ADDED from [com.umeng.sdk:share-qq:6.9.1.1] AndroidManifest.xml:19:27-73
category#android.intent.category.BROWSABLE
ADDED from [com.umeng.sdk:share-qq:6.9.1.1] AndroidManifest.xml:20:17-78
	android:name
		ADDED from [com.umeng.sdk:share-qq:6.9.1.1] AndroidManifest.xml:20:27-75
data
ADDED from [com.umeng.sdk:share-qq:6.9.1.1] AndroidManifest.xml:22:17-60
	android:scheme
		ADDED from [com.umeng.sdk:share-qq:6.9.1.1] AndroidManifest.xml:22:23-57
activity#com.tencent.connect.common.AssistActivity
ADDED from [com.umeng.sdk:share-qq:6.9.1.1] AndroidManifest.xml:25:9-29:75
	android:screenOrientation
		ADDED from [com.umeng.sdk:share-qq:6.9.1.1] AndroidManifest.xml:28:13-47
	android:configChanges
		ADDED from [com.umeng.sdk:share-qq:6.9.1.1] AndroidManifest.xml:27:13-63
	android:theme
		ADDED from [com.umeng.sdk:share-qq:6.9.1.1] AndroidManifest.xml:29:13-72
	android:name
		ADDED from [com.umeng.sdk:share-qq:6.9.1.1] AndroidManifest.xml:26:13-69
activity#${applicationId}.wxapi.WXEntryActivity
ADDED from [com.umeng.sdk:share-wechat:6.9.1] AndroidManifest.xml:12:9-16:75
	android:exported
		ADDED from [com.umeng.sdk:share-wechat:6.9.1] AndroidManifest.xml:15:13-36
	android:configChanges
		ADDED from [com.umeng.sdk:share-wechat:6.9.1] AndroidManifest.xml:14:13-74
	android:theme
		ADDED from [com.umeng.sdk:share-wechat:6.9.1] AndroidManifest.xml:16:13-72
	android:name
		ADDED from [com.umeng.sdk:share-wechat:6.9.1] AndroidManifest.xml:13:13-66
activity#com.imooc_gp.wxapi.WXEntryActivity
ADDED from [com.umeng.sdk:share-wechat:6.9.1] AndroidManifest.xml:12:9-16:75
	android:exported
		ADDED from [com.umeng.sdk:share-wechat:6.9.1] AndroidManifest.xml:15:13-36
	android:configChanges
		ADDED from [com.umeng.sdk:share-wechat:6.9.1] AndroidManifest.xml:14:13-74
	android:theme
		ADDED from [com.umeng.sdk:share-wechat:6.9.1] AndroidManifest.xml:16:13-72
	android:name
		ADDED from [com.umeng.sdk:share-wechat:6.9.1] AndroidManifest.xml:13:13-66
activity#com.umeng.socialize.media.WBShareCallBackActivity
ADDED from [com.umeng.sdk:share-sina:6.9.1.1] AndroidManifest.xml:12:9-17:20
	android:exported
		ADDED from [com.umeng.sdk:share-sina:6.9.1.1] AndroidManifest.xml:15:13-37
	android:configChanges
		ADDED from [com.umeng.sdk:share-sina:6.9.1.1] AndroidManifest.xml:14:13-63
	android:theme
		ADDED from [com.umeng.sdk:share-sina:6.9.1.1] AndroidManifest.xml:16:13-72
	android:name
		ADDED from [com.umeng.sdk:share-sina:6.9.1.1] AndroidManifest.xml:13:13-77
activity#com.sina.weibo.sdk.web.WeiboSdkWebActivity
ADDED from [com.umeng.sdk:share-sina:6.9.1.1] AndroidManifest.xml:18:9-23:20
	android:windowSoftInputMode
		ADDED from [com.umeng.sdk:share-sina:6.9.1.1] AndroidManifest.xml:22:13-55
	android:exported
		ADDED from [com.umeng.sdk:share-sina:6.9.1.1] AndroidManifest.xml:21:13-37
	android:configChanges
		ADDED from [com.umeng.sdk:share-sina:6.9.1.1] AndroidManifest.xml:20:13-63
	android:name
		ADDED from [com.umeng.sdk:share-sina:6.9.1.1] AndroidManifest.xml:19:13-70
activity#com.sina.weibo.sdk.share.WbShareTransActivity
ADDED from [com.umeng.sdk:share-sina:6.9.1.1] AndroidManifest.xml:24:9-33:20
	android:launchMode
		ADDED from [com.umeng.sdk:share-sina:6.9.1.1] AndroidManifest.xml:26:13-44
	android:theme
		ADDED from [com.umeng.sdk:share-sina:6.9.1.1] AndroidManifest.xml:27:13-83
	android:name
		ADDED from [com.umeng.sdk:share-sina:6.9.1.1] AndroidManifest.xml:25:13-73
intent-filter#action:name:com.sina.weibo.sdk.action.ACTION_SDK_REQ_ACTIVITY+category:name:android.intent.category.DEFAULT
ADDED from [com.umeng.sdk:share-sina:6.9.1.1] AndroidManifest.xml:28:13-32:29
action#com.sina.weibo.sdk.action.ACTION_SDK_REQ_ACTIVITY
ADDED from [com.umeng.sdk:share-sina:6.9.1.1] AndroidManifest.xml:29:17-92
	android:name
		ADDED from [com.umeng.sdk:share-sina:6.9.1.1] AndroidManifest.xml:29:25-89